<?xml version="1.0" encoding="UTF-8"?>
<testng-results ignored="0" total="5" passed="4" failed="1" skipped="0">
  <reporter-output>
  </reporter-output>
  <suite started-at="2023-06-02T01:01:40 IST" name="Suite" finished-at="2023-06-02T01:04:23 IST" duration-ms="163134">
    <groups>
    </groups>
    <test started-at="2023-06-02T01:01:40 IST" name="Test" finished-at="2023-06-02T01:04:23 IST" duration-ms="163134">
      <class name="TestDrive.SearchbarTest">
        <test-method is-config="true" signature="Startup()[pri:0, instance:TestDrive.SearchbarTest@3403e2ac]" started-at="2023-06-02T01:02:39 IST" name="Startup" finished-at="2023-06-02T01:02:49 IST" duration-ms="9896" status="PASS">
          <reporter-output>
          </reporter-output>
        </test-method> <!-- Startup -->
        <test-method signature="product()[pri:0, instance:TestDrive.SearchbarTest@3403e2ac]" started-at="2023-06-02T01:02:49 IST" name="product" finished-at="2023-06-02T01:03:02 IST" duration-ms="13616" status="PASS">
          <reporter-output>
          </reporter-output>
        </test-method> <!-- product -->
        <test-method is-config="true" signature="Closeup()[pri:0, instance:TestDrive.SearchbarTest@3403e2ac]" started-at="2023-06-02T01:03:02 IST" name="Closeup" finished-at="2023-06-02T01:03:10 IST" duration-ms="8306" status="PASS">
          <reporter-output>
          </reporter-output>
        </test-method> <!-- Closeup -->
      </class> <!-- TestDrive.SearchbarTest -->
      <class name="TestDrive.SignupTest">
        <test-method is-config="true" signature="Startup()[pri:0, instance:TestDrive.SignupTest@327bcebd]" started-at="2023-06-02T01:04:07 IST" name="Startup" finished-at="2023-06-02T01:04:13 IST" duration-ms="5971" status="PASS">
          <reporter-output>
          </reporter-output>
        </test-method> <!-- Startup -->
        <test-method signature="SignUp()[pri:0, instance:TestDrive.SignupTest@327bcebd]" started-at="2023-06-02T01:04:13 IST" name="SignUp" finished-at="2023-06-02T01:04:15 IST" duration-ms="2195" status="PASS">
          <reporter-output>
          </reporter-output>
        </test-method> <!-- SignUp -->
        <test-method is-config="true" signature="Closeup()[pri:0, instance:TestDrive.SignupTest@327bcebd]" started-at="2023-06-02T01:04:15 IST" name="Closeup" finished-at="2023-06-02T01:04:23 IST" duration-ms="8195" status="PASS">
          <reporter-output>
          </reporter-output>
        </test-method> <!-- Closeup -->
      </class> <!-- TestDrive.SignupTest -->
      <class name="TestDrive.SigninTest">
        <test-method is-config="true" signature="Startup()[pri:0, instance:TestDrive.SigninTest@6c4980d3]" started-at="2023-06-02T01:03:35 IST" name="Startup" finished-at="2023-06-02T01:03:56 IST" duration-ms="21493" status="PASS">
          <reporter-output>
          </reporter-output>
        </test-method> <!-- Startup -->
        <test-method signature="SignIn()[pri:0, instance:TestDrive.SigninTest@6c4980d3]" started-at="2023-06-02T01:03:56 IST" name="SignIn" finished-at="2023-06-02T01:03:59 IST" duration-ms="2295" status="PASS">
          <reporter-output>
          </reporter-output>
        </test-method> <!-- SignIn -->
        <test-method is-config="true" signature="Closeup()[pri:0, instance:TestDrive.SigninTest@6c4980d3]" started-at="2023-06-02T01:03:59 IST" name="Closeup" finished-at="2023-06-02T01:04:07 IST" duration-ms="8229" status="PASS">
          <reporter-output>
          </reporter-output>
        </test-method> <!-- Closeup -->
      </class> <!-- TestDrive.SigninTest -->
      <class name="TestDrive.AddressTest">
        <test-method is-config="true" signature="Startup()[pri:0, instance:TestDrive.AddressTest@82ea68c]" started-at="2023-06-02T01:01:40 IST" name="Startup" finished-at="2023-06-02T01:02:30 IST" duration-ms="49741" status="PASS">
          <reporter-output>
          </reporter-output>
        </test-method> <!-- Startup -->
        <test-method signature="Address()[pri:0, instance:TestDrive.AddressTest@82ea68c]" started-at="2023-06-02T01:02:30 IST" name="Address" finished-at="2023-06-02T01:02:30 IST" duration-ms="646" status="PASS">
          <reporter-output>
          </reporter-output>
        </test-method> <!-- Address -->
        <test-method is-config="true" signature="Closeup()[pri:0, instance:TestDrive.AddressTest@82ea68c]" started-at="2023-06-02T01:02:30 IST" name="Closeup" finished-at="2023-06-02T01:02:39 IST" duration-ms="8280" status="PASS">
          <reporter-output>
          </reporter-output>
        </test-method> <!-- Closeup -->
      </class> <!-- TestDrive.AddressTest -->
      <class name="TestDrive.SearchfilterTest">
        <test-method is-config="true" signature="Startup()[pri:0, instance:TestDrive.SearchfilterTest@65b104b9]" started-at="2023-06-02T01:03:10 IST" name="Startup" finished-at="2023-06-02T01:03:18 IST" duration-ms="7784" status="PASS">
          <reporter-output>
          </reporter-output>
        </test-method> <!-- Startup -->
        <test-method signature="product()[pri:0, instance:TestDrive.SearchfilterTest@65b104b9]" started-at="2023-06-02T01:03:18 IST" name="product" finished-at="2023-06-02T01:03:26 IST" duration-ms="8112" status="FAIL">
          <exception class="org.openqa.selenium.NoSuchElementException">
            <message>
              <![CDATA[no such element: Unable to locate element: {"method":"xpath","selector":"//input[@id='buy-now-button']"}
  (Session info: chrome=114.0.5735.90)
For documentation on this error, please visit: https://www.seleniumhq.org/exceptions/no_such_element.html
Build info: version: '3.141.59', revision: 'e82be7d358', time: '2018-11-14T08:17:03'
System info: host: 'LAPTOP-HE3IJ9BH', ip: '192.168.137.1', os.name: 'Windows 11', os.arch: 'amd64', os.version: '10.0', java.version: '17.0.5'
Driver info: org.openqa.selenium.chrome.ChromeDriver
Capabilities {acceptInsecureCerts: false, browserName: chrome, browserVersion: 114.0.5735.90, chrome: {chromedriverVersion: 114.0.5735.90 (386bc09e8f4f..., userDataDir: C:\Users\WELCOME\AppData\Lo...}, goog:chromeOptions: {debuggerAddress: localhost:57056}, javascriptEnabled: true, networkConnectionEnabled: false, pageLoadStrategy: normal, platform: WINDOWS, platformName: WINDOWS, proxy: Proxy(), setWindowRect: true, strictFileInteractability: false, timeouts: {implicit: 0, pageLoad: 300000, script: 30000}, unhandledPromptBehavior: dismiss and notify, webauthn:extension:credBlob: true, webauthn:extension:largeBlob: true, webauthn:extension:minPinLength: true, webauthn:extension:prf: true, webauthn:virtualAuthenticators: true}
Session ID: c92f6df2f7c277642b2f777ff2868f14
*** Element info: {Using=xpath, value=//input[@id='buy-now-button']}]]>
            </message>
            <full-stacktrace>
              <![CDATA[org.openqa.selenium.NoSuchElementException: no such element: Unable to locate element: {"method":"xpath","selector":"//input[@id='buy-now-button']"}
  (Session info: chrome=114.0.5735.90)
For documentation on this error, please visit: https://www.seleniumhq.org/exceptions/no_such_element.html
Build info: version: '3.141.59', revision: 'e82be7d358', time: '2018-11-14T08:17:03'
System info: host: 'LAPTOP-HE3IJ9BH', ip: '192.168.137.1', os.name: 'Windows 11', os.arch: 'amd64', os.version: '10.0', java.version: '17.0.5'
Driver info: org.openqa.selenium.chrome.ChromeDriver
Capabilities {acceptInsecureCerts: false, browserName: chrome, browserVersion: 114.0.5735.90, chrome: {chromedriverVersion: 114.0.5735.90 (386bc09e8f4f..., userDataDir: C:\Users\WELCOME\AppData\Lo...}, goog:chromeOptions: {debuggerAddress: localhost:57056}, javascriptEnabled: true, networkConnectionEnabled: false, pageLoadStrategy: normal, platform: WINDOWS, platformName: WINDOWS, proxy: Proxy(), setWindowRect: true, strictFileInteractability: false, timeouts: {implicit: 0, pageLoad: 300000, script: 30000}, unhandledPromptBehavior: dismiss and notify, webauthn:extension:credBlob: true, webauthn:extension:largeBlob: true, webauthn:extension:minPinLength: true, webauthn:extension:prf: true, webauthn:virtualAuthenticators: true}
Session ID: c92f6df2f7c277642b2f777ff2868f14
*** Element info: {Using=xpath, value=//input[@id='buy-now-button']}
at java.base/jdk.internal.reflect.NativeConstructorAccessorImpl.newInstance0(Native Method)
at java.base/jdk.internal.reflect.NativeConstructorAccessorImpl.newInstance(NativeConstructorAccessorImpl.java:77)
at java.base/jdk.internal.reflect.DelegatingConstructorAccessorImpl.newInstance(DelegatingConstructorAccessorImpl.java:45)
at java.base/java.lang.reflect.Constructor.newInstanceWithCaller(Constructor.java:499)
at java.base/java.lang.reflect.Constructor.newInstance(Constructor.java:480)
at org.openqa.selenium.remote.http.W3CHttpResponseCodec.createException(W3CHttpResponseCodec.java:187)
at org.openqa.selenium.remote.http.W3CHttpResponseCodec.decode(W3CHttpResponseCodec.java:122)
at org.openqa.selenium.remote.http.W3CHttpResponseCodec.decode(W3CHttpResponseCodec.java:49)
at org.openqa.selenium.remote.HttpCommandExecutor.execute(HttpCommandExecutor.java:158)
at org.openqa.selenium.remote.service.DriverCommandExecutor.execute(DriverCommandExecutor.java:83)
at org.openqa.selenium.remote.RemoteWebDriver.execute(RemoteWebDriver.java:552)
at org.openqa.selenium.remote.RemoteWebDriver.findElement(RemoteWebDriver.java:323)
at org.openqa.selenium.remote.RemoteWebDriver.findElementByXPath(RemoteWebDriver.java:428)
at org.openqa.selenium.By$ByXPath.findElement(By.java:353)
at org.openqa.selenium.remote.RemoteWebDriver.findElement(RemoteWebDriver.java:315)
at org.openqa.selenium.support.pagefactory.DefaultElementLocator.findElement(DefaultElementLocator.java:69)
at org.openqa.selenium.support.pagefactory.internal.LocatingElementHandler.invoke(LocatingElementHandler.java:38)
at jdk.proxy2/jdk.proxy2.$Proxy13.click(Unknown Source)
at PageDrive.SearchfilterPage.Filter(SearchfilterPage.java:35)
at TestDrive.SearchfilterTest.product(SearchfilterTest.java:14)
at java.base/jdk.internal.reflect.NativeMethodAccessorImpl.invoke0(Native Method)
at java.base/jdk.internal.reflect.NativeMethodAccessorImpl.invoke(NativeMethodAccessorImpl.java:77)
at java.base/jdk.internal.reflect.DelegatingMethodAccessorImpl.invoke(DelegatingMethodAccessorImpl.java:43)
at java.base/java.lang.reflect.Method.invoke(Method.java:568)
at org.testng.internal.MethodInvocationHelper.invokeMethod(MethodInvocationHelper.java:133)
at org.testng.internal.TestInvoker.invokeMethod(TestInvoker.java:598)
at org.testng.internal.TestInvoker.invokeTestMethod(TestInvoker.java:173)
at org.testng.internal.MethodRunner.runInSequence(MethodRunner.java:46)
at org.testng.internal.TestInvoker$MethodInvocationAgent.invoke(TestInvoker.java:824)
at org.testng.internal.TestInvoker.invokeTestMethods(TestInvoker.java:146)
at org.testng.internal.TestMethodWorker.invokeTestMethods(TestMethodWorker.java:146)
at org.testng.internal.TestMethodWorker.run(TestMethodWorker.java:128)
at java.base/java.util.ArrayList.forEach(ArrayList.java:1511)
at org.testng.TestRunner.privateRun(TestRunner.java:794)
at org.testng.TestRunner.run(TestRunner.java:596)
at org.testng.SuiteRunner.runTest(SuiteRunner.java:377)
at org.testng.SuiteRunner.runSequentially(SuiteRunner.java:371)
at org.testng.SuiteRunner.privateRun(SuiteRunner.java:332)
at org.testng.SuiteRunner.run(SuiteRunner.java:276)
at org.testng.SuiteRunnerWorker.runSuite(SuiteRunnerWorker.java:53)
at org.testng.SuiteRunnerWorker.run(SuiteRunnerWorker.java:96)
at org.testng.TestNG.runSuitesSequentially(TestNG.java:1212)
at org.testng.TestNG.runSuitesLocally(TestNG.java:1134)
at org.testng.TestNG.runSuites(TestNG.java:1063)
at org.testng.TestNG.run(TestNG.java:1031)
at org.testng.remote.AbstractRemoteTestNG.run(AbstractRemoteTestNG.java:115)
at org.testng.remote.RemoteTestNG.initAndRun(RemoteTestNG.java:251)
at org.testng.remote.RemoteTestNG.main(RemoteTestNG.java:77)
]]>
            </full-stacktrace>
          </exception> <!-- org.openqa.selenium.NoSuchElementException -->
          <reporter-output>
          </reporter-output>
        </test-method> <!-- product -->
        <test-method is-config="true" signature="Closeup()[pri:0, instance:TestDrive.SearchfilterTest@65b104b9]" started-at="2023-06-02T01:03:27 IST" name="Closeup" finished-at="2023-06-02T01:03:35 IST" duration-ms="8216" status="PASS">
          <reporter-output>
          </reporter-output>
        </test-method> <!-- Closeup -->
      </class> <!-- TestDrive.SearchfilterTest -->
    </test> <!-- Test -->
  </suite> <!-- Suite -->
</testng-results>
